<?xml version="1.0" encoding="UTF-8"?>
<testng-results skipped="0" failed="0" total="1" passed="1">
  <reporter-output>
  </reporter-output>
  <suite name="Default suite" duration-ms="80725" started-at="2020-09-30T10:11:20Z" finished-at="2020-09-30T10:12:40Z">
    <groups>
    </groups>
    <test name="Default test" duration-ms="80725" started-at="2020-09-30T10:11:20Z" finished-at="2020-09-30T10:12:40Z">
      <class name="Mobile_Selenium_TestNG_Maven_Assignment2.AndroidAppiumAssignment.DW007TC_usingXLsheel">
        <test-method status="PASS" signature="URLLaunch()[pri:0, instance:Mobile_Selenium_TestNG_Maven_Assignment2.AndroidAppiumAssignment.DW007TC_usingXLsheel@4bee09]" name="URLLaunch" is-config="true" duration-ms="35621" started-at="2020-09-30T15:41:20Z" finished-at="2020-09-30T15:41:55Z">
          <reporter-output>
          </reporter-output>
        </test-method> <!-- URLLaunch -->
        <test-method status="PASS" signature="Login()[pri:0, instance:Mobile_Selenium_TestNG_Maven_Assignment2.AndroidAppiumAssignment.DW007TC_usingXLsheel@4bee09]" name="Login" duration-ms="38619" started-at="2020-09-30T15:41:55Z" finished-at="2020-09-30T15:42:34Z">
          <reporter-output>
          </reporter-output>
        </test-method> <!-- Login -->
        <test-method status="PASS" signature="LogOut()[pri:0, instance:Mobile_Selenium_TestNG_Maven_Assignment2.AndroidAppiumAssignment.DW007TC_usingXLsheel@4bee09]" name="LogOut" is-config="true" duration-ms="6444" started-at="2020-09-30T15:42:34Z" finished-at="2020-09-30T15:42:40Z">
          <reporter-output>
          </reporter-output>
        </test-method> <!-- LogOut -->
      </class> <!-- Mobile_Selenium_TestNG_Maven_Assignment2.AndroidAppiumAssignment.DW007TC_usingXLsheel -->
    </test> <!-- Default test -->
  </suite> <!-- Default suite -->
</testng-results>
